<?xml version="1.0" encoding="UTF-8"?>
<!-- Generated by org.testng.reporters.JUnitXMLReporter -->
<testsuite ignored="0" hostname="LAPTOP-1IP63I2R" failures="0" tests="1" name="Edge Test" time="83.677" errors="0" timestamp="2023-06-10T00:38:15 IST">
  <testcase classname="testCases.testCasesFlipkart" name="@BeforeClass initialSetup" time="83.464">
    <failure type="org.openqa.selenium.SessionNotCreatedException" message="Could not start a new session. Could not start a new session. Error while creating session with the driver service. Stopping driver service: Timed out waiting for driver process to start.
Build info: version: &amp;apos;4.9.1&amp;apos;, revision: &amp;apos;eb2032df7f&amp;apos;
System info: os.name: &amp;apos;Windows 11&amp;apos;, os.arch: &amp;apos;amd64&amp;apos;, os.version: &amp;apos;10.0&amp;apos;, java.version: &amp;apos;11.0.17&amp;apos;
Driver info: driver.version: unknown 
Host info: host: &amp;apos;LAPTOP-1IP63I2R&amp;apos;, ip: &amp;apos;192.168.101.7&amp;apos;
Build info: version: &amp;apos;4.9.1&amp;apos;, revision: &amp;apos;eb2032df7f&amp;apos;
System info: os.name: &amp;apos;Windows 11&amp;apos;, os.arch: &amp;apos;amd64&amp;apos;, os.version: &amp;apos;10.0&amp;apos;, java.version: &amp;apos;11.0.17&amp;apos;
Driver info: driver.version: unknown
Build info: version: &amp;apos;4.9.1&amp;apos;, revision: &amp;apos;eb2032df7f&amp;apos;
System info: os.name: &amp;apos;Windows 11&amp;apos;, os.arch: &amp;apos;amd64&amp;apos;, os.version: &amp;apos;10.0&amp;apos;, java.version: &amp;apos;11.0.17&amp;apos;
Driver info: driver.version: unknown
Build info: version: &amp;apos;3.141.59&amp;apos;, revision: &amp;apos;e82be7d358&amp;apos;, time: &amp;apos;2018-11-14T08:17:03&amp;apos;
System info: host: &amp;apos;LAPTOP-1IP63I2R&amp;apos;, ip: &amp;apos;192.168.101.7&amp;apos;, os.name: &amp;apos;Windows 11&amp;apos;, os.arch: &amp;apos;amd64&amp;apos;, os.version: &amp;apos;10.0&amp;apos;, java.version: &amp;apos;17.0.7&amp;apos;
Driver info: driver.version: RemoteWebDriver
remote stacktrace: [{fileName=RemoteNode.java, moduleVersion=null, moduleName=null, nativeMethod=false, methodName=newSession, className=org.openqa.selenium.grid.node.remote.RemoteNode, lineNumber=150, classLoaderName=app}, {fileName=LocalDistributor.java, moduleVersion=null, moduleName=null, nativeMethod=false, methodName=startSession, className=org.openqa.selenium.grid.distributor.local.LocalDistributor, lineNumber=645, classLoaderName=app}, {fileName=LocalDistributor.java, moduleVersion=null, moduleName=null, nativeMethod=false, methodName=newSession, className=org.openqa.selenium.grid.distributor.local.LocalDistributor, lineNumber=564, classLoaderName=app}, {fileName=LocalDistributor.java, moduleVersion=null, moduleName=null, nativeMethod=false, methodName=handleNewSessionRequest, className=org.openqa.selenium.grid.distributor.local.LocalDistributor$NewSessionRunnable, lineNumber=818, classLoaderName=app}, {fileName=LocalDistributor.java, moduleVersion=null, moduleName=null, nativeMethod=false, methodName=lambda$run$1, className=org.openqa.selenium.grid.distributor.local.LocalDistributor$NewSessionRunnable, lineNumber=779, classLoaderName=app}, {fileName=ThreadPoolExecutor.java, moduleVersion=11.0.17, moduleName=java.base, nativeMethod=false, methodName=runWorker, className=java.util.concurrent.ThreadPoolExecutor, lineNumber=1128, classLoaderName=null}, {fileName=ThreadPoolExecutor.java, moduleVersion=11.0.17, moduleName=java.base, nativeMethod=false, methodName=run, className=java.util.concurrent.ThreadPoolExecutor$Worker, lineNumber=628, classLoaderName=null}, {fileName=Thread.java, moduleVersion=11.0.17, moduleName=java.base, nativeMethod=false, methodName=run, className=java.lang.Thread, lineNumber=834, classLoaderName=null}]">
      <![CDATA[org.openqa.selenium.SessionNotCreatedException: Could not start a new session. Could not start a new session. Error while creating session with the driver service. Stopping driver service: Timed out waiting for driver process to start.
Build info: version: '4.9.1', revision: 'eb2032df7f'
System info: os.name: 'Windows 11', os.arch: 'amd64', os.version: '10.0', java.version: '11.0.17'
Driver info: driver.version: unknown 
Host info: host: 'LAPTOP-1IP63I2R', ip: '192.168.101.7'
Build info: version: '4.9.1', revision: 'eb2032df7f'
System info: os.name: 'Windows 11', os.arch: 'amd64', os.version: '10.0', java.version: '11.0.17'
Driver info: driver.version: unknown
Build info: version: '4.9.1', revision: 'eb2032df7f'
System info: os.name: 'Windows 11', os.arch: 'amd64', os.version: '10.0', java.version: '11.0.17'
Driver info: driver.version: unknown
Build info: version: '3.141.59', revision: 'e82be7d358', time: '2018-11-14T08:17:03'
System info: host: 'LAPTOP-1IP63I2R', ip: '192.168.101.7', os.name: 'Windows 11', os.arch: 'amd64', os.version: '10.0', java.version: '17.0.7'
Driver info: driver.version: RemoteWebDriver
remote stacktrace: [{fileName=RemoteNode.java, moduleVersion=null, moduleName=null, nativeMethod=false, methodName=newSession, className=org.openqa.selenium.grid.node.remote.RemoteNode, lineNumber=150, classLoaderName=app}, {fileName=LocalDistributor.java, moduleVersion=null, moduleName=null, nativeMethod=false, methodName=startSession, className=org.openqa.selenium.grid.distributor.local.LocalDistributor, lineNumber=645, classLoaderName=app}, {fileName=LocalDistributor.java, moduleVersion=null, moduleName=null, nativeMethod=false, methodName=newSession, className=org.openqa.selenium.grid.distributor.local.LocalDistributor, lineNumber=564, classLoaderName=app}, {fileName=LocalDistributor.java, moduleVersion=null, moduleName=null, nativeMethod=false, methodName=handleNewSessionRequest, className=org.openqa.selenium.grid.distributor.local.LocalDistributor$NewSessionRunnable, lineNumber=818, classLoaderName=app}, {fileName=LocalDistributor.java, moduleVersion=null, moduleName=null, nativeMethod=false, methodName=lambda$run$1, className=org.openqa.selenium.grid.distributor.local.LocalDistributor$NewSessionRunnable, lineNumber=779, classLoaderName=app}, {fileName=ThreadPoolExecutor.java, moduleVersion=11.0.17, moduleName=java.base, nativeMethod=false, methodName=runWorker, className=java.util.concurrent.ThreadPoolExecutor, lineNumber=1128, classLoaderName=null}, {fileName=ThreadPoolExecutor.java, moduleVersion=11.0.17, moduleName=java.base, nativeMethod=false, methodName=run, className=java.util.concurrent.ThreadPoolExecutor$Worker, lineNumber=628, classLoaderName=null}, {fileName=Thread.java, moduleVersion=11.0.17, moduleName=java.base, nativeMethod=false, methodName=run, className=java.lang.Thread, lineNumber=834, classLoaderName=null}]
at org.openqa.selenium.remote.W3CHandshakeResponse.lambda$errorHandler$0(W3CHandshakeResponse.java:62)
at org.openqa.selenium.remote.HandshakeResponse.lambda$getResponseFunction$0(HandshakeResponse.java:30)
at org.openqa.selenium.remote.ProtocolHandshake.lambda$createSession$0(ProtocolHandshake.java:126)
at java.base/java.util.stream.ReferencePipeline$3$1.accept(ReferencePipeline.java:197)
at java.base/java.util.Spliterators$ArraySpliterator.tryAdvance(Spliterators.java:1002)
at java.base/java.util.stream.ReferencePipeline.forEachWithCancel(ReferencePipeline.java:129)
at java.base/java.util.stream.AbstractPipeline.copyIntoWithCancel(AbstractPipeline.java:527)
at java.base/java.util.stream.AbstractPipeline.copyInto(AbstractPipeline.java:513)
at java.base/java.util.stream.AbstractPipeline.wrapAndCopyInto(AbstractPipeline.java:499)
at java.base/java.util.stream.FindOps$FindOp.evaluateSequential(FindOps.java:150)
at java.base/java.util.stream.AbstractPipeline.evaluate(AbstractPipeline.java:234)
at java.base/java.util.stream.ReferencePipeline.findFirst(ReferencePipeline.java:647)
at org.openqa.selenium.remote.ProtocolHandshake.createSession(ProtocolHandshake.java:128)
at org.openqa.selenium.remote.ProtocolHandshake.createSession(ProtocolHandshake.java:74)
at org.openqa.selenium.remote.HttpCommandExecutor.execute(HttpCommandExecutor.java:136)
at org.openqa.selenium.remote.RemoteWebDriver.execute(RemoteWebDriver.java:552)
at org.openqa.selenium.remote.RemoteWebDriver.startSession(RemoteWebDriver.java:213)
at org.openqa.selenium.remote.RemoteWebDriver.<init>(RemoteWebDriver.java:131)
at org.openqa.selenium.remote.RemoteWebDriver.<init>(RemoteWebDriver.java:144)
at org.Flipkart.Base.FlipkartBaseConfig.setUp(FlipkartBaseConfig.java:53)
at testCases.testCasesFlipkart.initialSetup(testCasesFlipkart.java:23)
at java.base/java.util.ArrayList.forEach(ArrayList.java:1511)
at java.base/java.util.concurrent.FutureTask.run(FutureTask.java:264)
at java.base/java.util.concurrent.ThreadPoolExecutor.runWorker(ThreadPoolExecutor.java:1136)
at java.base/java.util.concurrent.ThreadPoolExecutor$Worker.run(ThreadPoolExecutor.java:635)
at java.base/java.lang.Thread.run(Thread.java:833)
... Removed 21 stack frames]]>
    </failure>
  </testcase> <!-- @BeforeClass initialSetup -->
  <testcase classname="testCases.testCasesFlipkart" name="scenario" time="0.0">
    <skipped/>
  </testcase> <!-- scenario -->
</testsuite> <!-- Edge Test -->
